2025-03-03 09:42:13,457 [INFO] DQNAgent initialized. Using device: cpu
2025-03-03 09:42:13,458 [INFO] Network architecture: DuelingDQN(
  (feature_layers): ModuleList(
    (0): Linear(in_features=24, out_features=128, bias=True)
    (1): Linear(in_features=128, out_features=128, bias=True)
  )
  (value_stream): Sequential(
    (0): Linear(in_features=128, out_features=64, bias=True)
    (1): LeakyReLU(negative_slope=0.1)
    (2): Linear(in_features=64, out_features=1, bias=True)
  )
  (advantage_stream): Sequential(
    (0): Linear(in_features=128, out_features=64, bias=True)
    (1): LeakyReLU(negative_slope=0.1)
    (2): Linear(in_features=64, out_features=4, bias=True)
  )
)
2025-03-03 09:42:13,459 [INFO] Using Double DQN: True
2025-03-03 09:42:13,459 [INFO] Using Dueling DQN: True
2025-03-03 09:42:13,459 [INFO] Using Prioritized Replay: True
2025-03-03 09:42:14,091 [INFO] Model loaded from models\snake_dqn_ep1229_score72_20250302_153403.pt
2025-03-03 09:42:36,797 [INFO] Episode 1 finished with score 39
2025-03-03 09:42:54,523 [INFO] Episode 2 finished with score 38
2025-03-03 09:43:08,299 [INFO] Episode 3 finished with score 28
2025-03-03 09:43:20,498 [INFO] Episode 4 finished with score 22
2025-03-03 09:43:32,723 [INFO] Episode 5 finished with score 21
2025-03-03 09:43:50,547 [INFO] Episode 6 finished with score 33
2025-03-03 09:44:09,996 [INFO] Episode 7 finished with score 31
2025-03-03 09:44:28,628 [INFO] Episode 8 finished with score 33
2025-03-03 09:44:44,506 [INFO] Episode 9 finished with score 29
2025-03-03 09:45:04,406 [INFO] Episode 10 finished with score 34
2025-03-03 09:45:35,024 [INFO] Episode 11 finished with score 58
2025-03-03 09:45:50,334 [INFO] Episode 12 finished with score 26
2025-03-03 09:46:13,190 [INFO] Episode 13 finished with score 41
2025-03-03 09:46:28,155 [INFO] Episode 14 finished with score 26
2025-03-03 09:47:02,433 [INFO] Episode 15 finished with score 53
2025-03-03 09:47:24,813 [INFO] Episode 16 finished with score 42
2025-03-03 09:47:48,958 [INFO] Episode 17 finished with score 42
2025-03-03 09:48:09,600 [INFO] Episode 18 finished with score 35
2025-03-03 09:48:21,914 [INFO] Episode 19 finished with score 27
2025-03-03 09:48:32,565 [INFO] Episode 20 finished with score 22
2025-03-03 09:48:56,806 [INFO] Episode 21 finished with score 43
2025-03-03 09:49:21,195 [INFO] Episode 22 finished with score 41
2025-03-03 09:49:37,615 [INFO] Episode 23 finished with score 32
2025-03-03 09:49:54,688 [INFO] Episode 24 finished with score 34
2025-03-03 09:50:14,840 [INFO] Episode 25 finished with score 39
2025-03-03 09:50:27,107 [INFO] Episode 26 finished with score 28
2025-03-03 09:51:01,847 [INFO] Episode 27 finished with score 54
2025-03-03 09:51:17,664 [INFO] Episode 28 finished with score 27
2025-03-03 09:51:28,938 [INFO] Episode 29 finished with score 24
2025-03-03 09:51:35,948 [INFO] Episode 30 finished with score 14
