2025-03-02 15:34:05,012 [INFO] DQNAgent initialized. Using device: cpu
2025-03-02 15:34:05,013 [INFO] Network architecture: DuelingDQN(
  (feature_layers): ModuleList(
    (0): Linear(in_features=24, out_features=128, bias=True)
    (1): Linear(in_features=128, out_features=128, bias=True)
  )
  (value_stream): Sequential(
    (0): Linear(in_features=128, out_features=64, bias=True)
    (1): LeakyReLU(negative_slope=0.1)
    (2): Linear(in_features=64, out_features=1, bias=True)
  )
  (advantage_stream): Sequential(
    (0): Linear(in_features=128, out_features=64, bias=True)
    (1): LeakyReLU(negative_slope=0.1)
    (2): Linear(in_features=64, out_features=4, bias=True)
  )
)
2025-03-02 15:34:05,014 [INFO] Using Double DQN: True
2025-03-02 15:34:05,014 [INFO] Using Dueling DQN: True
2025-03-02 15:34:05,014 [INFO] Using Prioritized Replay: True
2025-03-02 15:34:05,014 [INFO] Starting training...
2025-03-02 15:34:05,015 [INFO] Training for 2000 episodes
2025-03-02 15:34:05,509 [INFO] Model saved to models\snake_dqn_ep2_score1_20250302_153403.pt
2025-03-02 15:34:05,509 [INFO] New best score: 1 (Episode 2)
2025-03-02 15:34:07,803 [INFO] Episode: 10/2000, Score: 0, Avg Score: 0.20, Steps: 79, Epsilon: 0.9511, Loss: 0.310165, Time: 2.79s
2025-03-02 15:34:10,564 [INFO] Episode: 20/2000, Score: 0, Avg Score: 0.10, Steps: 13, Epsilon: 0.9046, Loss: 0.457317, Time: 5.55s
2025-03-02 15:34:11,525 [INFO] Model saved to models\snake_dqn_ep23_score2_20250302_153403.pt
2025-03-02 15:34:11,525 [INFO] New best score: 2 (Episode 23)
2025-03-02 15:34:12,963 [INFO] Episode: 30/2000, Score: 0, Avg Score: 0.17, Steps: 70, Epsilon: 0.8604, Loss: 0.308543, Time: 7.95s
2025-03-02 15:34:15,090 [INFO] Episode: 40/2000, Score: 0, Avg Score: 0.12, Steps: 55, Epsilon: 0.8183, Loss: 0.311704, Time: 10.07s
2025-03-02 15:34:17,491 [INFO] Episode: 50/2000, Score: 0, Avg Score: 0.10, Steps: 53, Epsilon: 0.7783, Loss: 0.337156, Time: 12.48s
2025-03-02 15:34:19,169 [INFO] Episode: 60/2000, Score: 0, Avg Score: 0.12, Steps: 57, Epsilon: 0.7403, Loss: 0.259936, Time: 14.15s
2025-03-02 15:34:21,327 [INFO] Episode: 70/2000, Score: 0, Avg Score: 0.11, Steps: 23, Epsilon: 0.7041, Loss: 0.177395, Time: 16.31s
2025-03-02 15:34:22,766 [INFO] Episode: 80/2000, Score: 0, Avg Score: 0.10, Steps: 21, Epsilon: 0.6696, Loss: 0.133265, Time: 17.75s
2025-03-02 15:34:24,934 [INFO] Episode: 90/2000, Score: 0, Avg Score: 0.09, Steps: 25, Epsilon: 0.6369, Loss: 0.105170, Time: 19.92s
2025-03-02 15:34:26,214 [INFO] Model saved to models\snake_dqn_ep93_score3_20250302_153403.pt
2025-03-02 15:34:26,215 [INFO] New best score: 3 (Episode 93)
2025-03-02 15:34:27,697 [INFO] Episode: 100/2000, Score: 0, Avg Score: 0.16, Steps: 28, Epsilon: 0.6058, Loss: 0.118320, Time: 22.68s
2025-03-02 15:34:30,124 [INFO] Episode: 110/2000, Score: 0, Avg Score: 0.16, Steps: 23, Epsilon: 0.5762, Loss: 0.184981, Time: 25.11s
2025-03-02 15:34:32,366 [INFO] Episode: 120/2000, Score: 0, Avg Score: 0.18, Steps: 36, Epsilon: 0.5480, Loss: 0.155576, Time: 27.35s
2025-03-02 15:34:33,574 [INFO] Episode: 130/2000, Score: 0, Avg Score: 0.15, Steps: 13, Epsilon: 0.5212, Loss: 0.145165, Time: 28.56s
2025-03-02 15:34:35,784 [INFO] Episode: 140/2000, Score: 0, Avg Score: 0.17, Steps: 49, Epsilon: 0.4957, Loss: 0.102518, Time: 30.77s
2025-03-02 15:34:37,637 [INFO] Episode: 150/2000, Score: 1, Avg Score: 0.18, Steps: 55, Epsilon: 0.4715, Loss: 0.075656, Time: 32.62s
2025-03-02 15:34:41,096 [INFO] Episode: 160/2000, Score: 1, Avg Score: 0.20, Steps: 183, Epsilon: 0.4484, Loss: 0.061868, Time: 36.08s
2025-03-02 15:34:43,423 [INFO] Episode: 170/2000, Score: 0, Avg Score: 0.28, Steps: 13, Epsilon: 0.4265, Loss: 0.059789, Time: 38.41s
2025-03-02 15:34:44,869 [INFO] Model saved to models\snake_dqn_ep174_score5_20250302_153403.pt
2025-03-02 15:34:44,869 [INFO] New best score: 5 (Episode 174)
2025-03-02 15:34:46,091 [INFO] Episode: 180/2000, Score: 0, Avg Score: 0.38, Steps: 37, Epsilon: 0.4057, Loss: 0.078841, Time: 41.08s
2025-03-02 15:34:47,180 [INFO] Model saved to models\snake_dqn_ep182_score6_20250302_153403.pt
2025-03-02 15:34:47,180 [INFO] New best score: 6 (Episode 182)
2025-03-02 15:34:49,639 [INFO] Model saved to models\snake_dqn_ep187_score7_20250302_153403.pt
2025-03-02 15:34:49,640 [INFO] New best score: 7 (Episode 187)
2025-03-02 15:34:50,275 [INFO] Episode: 190/2000, Score: 2, Avg Score: 0.68, Steps: 47, Epsilon: 0.3858, Loss: 0.084644, Time: 45.26s
2025-03-02 15:34:52,013 [INFO] Model saved to models\snake_dqn_ep194_score8_20250302_153403.pt
2025-03-02 15:34:52,014 [INFO] New best score: 8 (Episode 194)
2025-03-02 15:34:54,031 [INFO] Episode: 200/2000, Score: 4, Avg Score: 0.87, Steps: 69, Epsilon: 0.3670, Loss: 0.108474, Time: 49.02s
2025-03-02 15:34:54,042 [INFO] Model saved to models\snake_dqn_ep200_score4_20250302_153403.pt
2025-03-02 15:34:58,695 [INFO] Episode: 210/2000, Score: 1, Avg Score: 1.18, Steps: 62, Epsilon: 0.3490, Loss: 0.158826, Time: 53.68s
2025-03-02 15:35:03,595 [INFO] Episode: 220/2000, Score: 3, Avg Score: 1.45, Steps: 79, Epsilon: 0.3320, Loss: 0.179342, Time: 58.58s
2025-03-02 15:35:07,702 [INFO] Episode: 230/2000, Score: 1, Avg Score: 1.75, Steps: 119, Epsilon: 0.3157, Loss: 0.186568, Time: 62.69s
2025-03-02 15:35:11,288 [INFO] Episode: 240/2000, Score: 15, Avg Score: 2.12, Steps: 218, Epsilon: 0.3003, Loss: 0.170108, Time: 66.27s
2025-03-02 15:35:11,301 [INFO] Model saved to models\snake_dqn_ep240_score15_20250302_153403.pt
2025-03-02 15:35:11,301 [INFO] New best score: 15 (Episode 240)
2025-03-02 15:35:14,588 [INFO] Episode: 250/2000, Score: 5, Avg Score: 2.40, Steps: 95, Epsilon: 0.2856, Loss: 0.186344, Time: 69.57s
2025-03-02 15:35:18,397 [INFO] Episode: 260/2000, Score: 2, Avg Score: 2.70, Steps: 36, Epsilon: 0.2716, Loss: 0.162256, Time: 73.38s
2025-03-02 15:35:23,004 [INFO] Episode: 270/2000, Score: 4, Avg Score: 3.02, Steps: 85, Epsilon: 0.2584, Loss: 0.220667, Time: 77.99s
2025-03-02 15:35:28,093 [INFO] Episode: 280/2000, Score: 2, Avg Score: 3.35, Steps: 63, Epsilon: 0.2457, Loss: 0.208893, Time: 83.08s
2025-03-02 15:35:32,526 [INFO] Episode: 290/2000, Score: 1, Avg Score: 3.42, Steps: 25, Epsilon: 0.2337, Loss: 0.192706, Time: 87.51s
2025-03-02 15:35:39,077 [INFO] Episode: 300/2000, Score: 4, Avg Score: 3.67, Steps: 55, Epsilon: 0.2223, Loss: 0.152303, Time: 94.06s
2025-03-02 15:35:44,801 [INFO] Episode: 310/2000, Score: 9, Avg Score: 3.93, Steps: 186, Epsilon: 0.2114, Loss: 0.174604, Time: 99.79s
2025-03-02 15:35:49,626 [INFO] Episode: 320/2000, Score: 3, Avg Score: 4.09, Steps: 48, Epsilon: 0.2011, Loss: 0.169788, Time: 104.61s
2025-03-02 15:35:57,760 [INFO] Episode: 330/2000, Score: 9, Avg Score: 4.58, Steps: 126, Epsilon: 0.1913, Loss: 0.178869, Time: 112.75s
2025-03-02 15:36:04,103 [INFO] Episode: 340/2000, Score: 2, Avg Score: 4.79, Steps: 65, Epsilon: 0.1819, Loss: 0.180873, Time: 119.09s
2025-03-02 15:36:09,491 [INFO] Episode: 350/2000, Score: 6, Avg Score: 4.91, Steps: 146, Epsilon: 0.1730, Loss: 0.205614, Time: 124.48s
2025-03-02 15:36:14,335 [INFO] Episode: 360/2000, Score: 4, Avg Score: 5.05, Steps: 126, Epsilon: 0.1646, Loss: 0.157056, Time: 129.32s
2025-03-02 15:36:22,860 [INFO] Episode: 370/2000, Score: 3, Avg Score: 5.35, Steps: 89, Epsilon: 0.1565, Loss: 0.156860, Time: 137.84s
2025-03-02 15:36:31,241 [INFO] Episode: 380/2000, Score: 6, Avg Score: 5.53, Steps: 102, Epsilon: 0.1489, Loss: 0.140056, Time: 146.23s
2025-03-02 15:36:38,736 [INFO] Model saved to models\snake_dqn_ep386_score18_20250302_153403.pt
2025-03-02 15:36:38,737 [INFO] New best score: 18 (Episode 386)
2025-03-02 15:36:42,853 [INFO] Episode: 390/2000, Score: 5, Avg Score: 6.04, Steps: 96, Epsilon: 0.1416, Loss: 0.132165, Time: 157.84s
2025-03-02 15:36:51,377 [INFO] Episode: 400/2000, Score: 6, Avg Score: 6.15, Steps: 145, Epsilon: 0.1347, Loss: 0.134915, Time: 166.36s
2025-03-02 15:36:51,398 [INFO] Model saved to models\snake_dqn_ep400_score6_20250302_153403.pt
2025-03-02 15:36:59,952 [INFO] Episode: 410/2000, Score: 2, Avg Score: 6.33, Steps: 29, Epsilon: 0.1281, Loss: 0.137826, Time: 174.94s
2025-03-02 15:37:03,702 [INFO] Model saved to models\snake_dqn_ep413_score19_20250302_153403.pt
2025-03-02 15:37:03,702 [INFO] New best score: 19 (Episode 413)
2025-03-02 15:37:09,782 [INFO] Model saved to models\snake_dqn_ep417_score21_20250302_153403.pt
2025-03-02 15:37:09,782 [INFO] New best score: 21 (Episode 417)
2025-03-02 15:37:12,532 [INFO] Episode: 420/2000, Score: 10, Avg Score: 6.97, Steps: 143, Epsilon: 0.1218, Loss: 0.131012, Time: 187.52s
2025-03-02 15:37:20,684 [INFO] Episode: 430/2000, Score: 7, Avg Score: 6.98, Steps: 116, Epsilon: 0.1159, Loss: 0.126112, Time: 195.67s
2025-03-02 15:37:26,820 [INFO] Episode: 440/2000, Score: 2, Avg Score: 6.95, Steps: 44, Epsilon: 0.1102, Loss: 0.125315, Time: 201.81s
2025-03-02 15:37:35,993 [INFO] Episode: 450/2000, Score: 14, Avg Score: 7.36, Steps: 246, Epsilon: 0.1048, Loss: 0.120848, Time: 210.98s
2025-03-02 15:37:46,783 [INFO] Episode: 460/2000, Score: 7, Avg Score: 7.91, Steps: 124, Epsilon: 0.0997, Loss: 0.143331, Time: 221.77s
2025-03-02 15:37:53,735 [INFO] Model saved to models\snake_dqn_ep465_score23_20250302_153403.pt
2025-03-02 15:37:53,736 [INFO] New best score: 23 (Episode 465)
2025-03-02 15:37:58,287 [INFO] Episode: 470/2000, Score: 5, Avg Score: 8.24, Steps: 55, Epsilon: 0.0948, Loss: 0.101059, Time: 233.27s
2025-03-02 15:38:08,430 [INFO] Episode: 480/2000, Score: 3, Avg Score: 8.53, Steps: 34, Epsilon: 0.0902, Loss: 0.138900, Time: 243.42s
2025-03-02 15:38:17,184 [INFO] Episode: 490/2000, Score: 13, Avg Score: 8.45, Steps: 166, Epsilon: 0.0858, Loss: 0.107284, Time: 252.17s
2025-03-02 15:38:30,210 [INFO] Episode: 500/2000, Score: 6, Avg Score: 8.94, Steps: 116, Epsilon: 0.0816, Loss: 0.120893, Time: 265.19s
2025-03-02 15:38:41,499 [INFO] Model saved to models\snake_dqn_ep508_score25_20250302_153403.pt
2025-03-02 15:38:41,499 [INFO] New best score: 25 (Episode 508)
2025-03-02 15:38:43,246 [INFO] Episode: 510/2000, Score: 3, Avg Score: 9.21, Steps: 51, Epsilon: 0.0776, Loss: 0.127464, Time: 278.23s
2025-03-02 15:38:57,843 [INFO] Episode: 520/2000, Score: 22, Avg Score: 9.55, Steps: 302, Epsilon: 0.0738, Loss: 0.121330, Time: 292.83s
2025-03-02 15:39:00,747 [INFO] Model saved to models\snake_dqn_ep521_score27_20250302_153403.pt
2025-03-02 15:39:00,748 [INFO] New best score: 27 (Episode 521)
2025-03-02 15:39:08,505 [INFO] Model saved to models\snake_dqn_ep524_score35_20250302_153403.pt
2025-03-02 15:39:08,505 [INFO] New best score: 35 (Episode 524)
2025-03-02 15:39:19,936 [INFO] Episode: 530/2000, Score: 23, Avg Score: 10.71, Steps: 388, Epsilon: 0.0702, Loss: 0.120648, Time: 314.92s
2025-03-02 15:39:31,290 [INFO] Episode: 540/2000, Score: 8, Avg Score: 11.08, Steps: 127, Epsilon: 0.0668, Loss: 0.114168, Time: 326.28s
2025-03-02 15:39:46,076 [INFO] Episode: 550/2000, Score: 9, Avg Score: 11.53, Steps: 139, Epsilon: 0.0635, Loss: 0.123398, Time: 341.06s
2025-03-02 15:39:59,628 [INFO] Episode: 560/2000, Score: 9, Avg Score: 11.72, Steps: 138, Epsilon: 0.0604, Loss: 0.112848, Time: 354.61s
2025-03-02 15:40:13,823 [INFO] Episode: 570/2000, Score: 11, Avg Score: 11.96, Steps: 156, Epsilon: 0.0574, Loss: 0.107159, Time: 368.81s
2025-03-02 15:40:28,581 [INFO] Episode: 580/2000, Score: 15, Avg Score: 12.42, Steps: 238, Epsilon: 0.0546, Loss: 0.126451, Time: 383.57s
2025-03-02 15:40:45,470 [INFO] Model saved to models\snake_dqn_ep589_score37_20250302_153403.pt
2025-03-02 15:40:45,470 [INFO] New best score: 37 (Episode 589)
2025-03-02 15:40:48,191 [INFO] Episode: 590/2000, Score: 24, Avg Score: 13.49, Steps: 381, Epsilon: 0.0520, Loss: 0.131935, Time: 403.18s
2025-03-02 15:41:10,735 [INFO] Episode: 600/2000, Score: 25, Avg Score: 14.37, Steps: 398, Epsilon: 0.0494, Loss: 0.122449, Time: 425.72s
2025-03-02 15:41:10,775 [INFO] Model saved to models\snake_dqn_ep600_score25_20250302_153403.pt
2025-03-02 15:41:27,584 [INFO] Episode: 610/2000, Score: 24, Avg Score: 14.91, Steps: 358, Epsilon: 0.0470, Loss: 0.136124, Time: 442.57s
2025-03-02 15:41:40,921 [INFO] Model saved to models\snake_dqn_ep616_score42_20250302_153403.pt
2025-03-02 15:41:40,923 [INFO] New best score: 42 (Episode 616)
2025-03-02 15:41:47,731 [INFO] Episode: 620/2000, Score: 15, Avg Score: 15.17, Steps: 278, Epsilon: 0.0447, Loss: 0.144882, Time: 462.72s
2025-03-02 15:42:04,947 [INFO] Episode: 630/2000, Score: 5, Avg Score: 14.59, Steps: 96, Epsilon: 0.0425, Loss: 0.142646, Time: 479.93s
2025-03-02 15:42:22,764 [INFO] Episode: 640/2000, Score: 15, Avg Score: 15.18, Steps: 239, Epsilon: 0.0404, Loss: 0.134224, Time: 497.75s
2025-03-02 15:42:42,208 [INFO] Episode: 650/2000, Score: 12, Avg Score: 15.66, Steps: 125, Epsilon: 0.0385, Loss: 0.168507, Time: 517.19s
2025-03-02 15:43:05,395 [INFO] Episode: 660/2000, Score: 6, Avg Score: 16.35, Steps: 80, Epsilon: 0.0366, Loss: 0.151263, Time: 540.38s
2025-03-02 15:43:24,202 [INFO] Episode: 670/2000, Score: 16, Avg Score: 16.58, Steps: 211, Epsilon: 0.0348, Loss: 0.150609, Time: 559.19s
2025-03-02 15:43:30,872 [INFO] Model saved to models\snake_dqn_ep671_score48_20250302_153403.pt
2025-03-02 15:43:30,873 [INFO] New best score: 48 (Episode 671)
2025-03-02 15:43:48,504 [INFO] Episode: 680/2000, Score: 20, Avg Score: 17.24, Steps: 275, Epsilon: 0.0331, Loss: 0.157300, Time: 583.49s
2025-03-02 15:44:10,210 [INFO] Episode: 690/2000, Score: 15, Avg Score: 17.28, Steps: 183, Epsilon: 0.0315, Loss: 0.178604, Time: 605.19s
2025-03-02 15:44:26,259 [INFO] Episode: 700/2000, Score: 2, Avg Score: 16.63, Steps: 67, Epsilon: 0.0299, Loss: 0.163185, Time: 621.24s
2025-03-02 15:44:44,830 [INFO] Episode: 710/2000, Score: 1, Avg Score: 16.64, Steps: 25, Epsilon: 0.0285, Loss: 0.205361, Time: 639.81s
2025-03-02 15:45:07,759 [INFO] Episode: 720/2000, Score: 27, Avg Score: 16.92, Steps: 457, Epsilon: 0.0271, Loss: 0.180587, Time: 662.74s
2025-03-02 15:45:31,314 [INFO] Episode: 730/2000, Score: 34, Avg Score: 17.26, Steps: 588, Epsilon: 0.0258, Loss: 0.181515, Time: 686.30s
2025-03-02 15:45:54,692 [INFO] Episode: 740/2000, Score: 3, Avg Score: 17.61, Steps: 48, Epsilon: 0.0245, Loss: 0.165426, Time: 709.68s
2025-03-02 15:46:16,535 [INFO] Episode: 750/2000, Score: 27, Avg Score: 17.68, Steps: 440, Epsilon: 0.0233, Loss: 0.205345, Time: 731.52s
2025-03-02 15:46:40,278 [INFO] Episode: 760/2000, Score: 16, Avg Score: 17.82, Steps: 248, Epsilon: 0.0222, Loss: 0.222989, Time: 755.26s
2025-03-02 15:47:01,712 [INFO] Episode: 770/2000, Score: 13, Avg Score: 18.15, Steps: 157, Epsilon: 0.0211, Loss: 0.195879, Time: 776.70s
2025-03-02 15:47:30,977 [INFO] Episode: 780/2000, Score: 22, Avg Score: 18.40, Steps: 419, Epsilon: 0.0200, Loss: 0.198932, Time: 805.96s
2025-03-02 15:47:57,039 [INFO] Episode: 790/2000, Score: 46, Avg Score: 18.44, Steps: 927, Epsilon: 0.0191, Loss: 0.199490, Time: 832.02s
2025-03-02 15:48:19,052 [INFO] Episode: 800/2000, Score: 33, Avg Score: 18.96, Steps: 529, Epsilon: 0.0181, Loss: 0.203604, Time: 854.04s
2025-03-02 15:48:19,120 [INFO] Model saved to models\snake_dqn_ep800_score33_20250302_153403.pt
2025-03-02 15:48:42,966 [INFO] Episode: 810/2000, Score: 29, Avg Score: 19.42, Steps: 434, Epsilon: 0.0172, Loss: 0.198319, Time: 877.95s
2025-03-02 15:49:05,036 [INFO] Episode: 820/2000, Score: 26, Avg Score: 19.30, Steps: 385, Epsilon: 0.0164, Loss: 0.200820, Time: 900.02s
2025-03-02 15:49:15,839 [INFO] Model saved to models\snake_dqn_ep823_score56_20250302_153403.pt
2025-03-02 15:49:15,839 [INFO] New best score: 56 (Episode 823)
2025-03-02 15:49:32,132 [INFO] Episode: 830/2000, Score: 21, Avg Score: 20.10, Steps: 319, Epsilon: 0.0156, Loss: 0.203594, Time: 927.12s
2025-03-02 15:49:53,423 [INFO] Episode: 840/2000, Score: 36, Avg Score: 20.30, Steps: 507, Epsilon: 0.0148, Loss: 0.185426, Time: 948.41s
2025-03-02 15:50:23,299 [INFO] Episode: 850/2000, Score: 25, Avg Score: 21.30, Steps: 359, Epsilon: 0.0141, Loss: 0.189173, Time: 978.28s
2025-03-02 15:50:43,519 [INFO] Episode: 860/2000, Score: 9, Avg Score: 21.09, Steps: 137, Epsilon: 0.0134, Loss: 0.214666, Time: 998.50s
2025-03-02 15:51:08,276 [INFO] Episode: 870/2000, Score: 45, Avg Score: 21.41, Steps: 727, Epsilon: 0.0128, Loss: 0.196447, Time: 1023.26s
2025-03-02 15:51:33,982 [INFO] Episode: 880/2000, Score: 3, Avg Score: 21.38, Steps: 37, Epsilon: 0.0121, Loss: 0.168395, Time: 1048.97s
2025-03-02 15:52:01,338 [INFO] Episode: 890/2000, Score: 40, Avg Score: 21.44, Steps: 658, Epsilon: 0.0115, Loss: 0.207831, Time: 1076.32s
2025-03-02 15:52:40,721 [INFO] Episode: 900/2000, Score: 50, Avg Score: 22.70, Steps: 939, Epsilon: 0.0110, Loss: 0.206859, Time: 1115.71s
2025-03-02 15:53:11,221 [INFO] Episode: 910/2000, Score: 19, Avg Score: 23.17, Steps: 267, Epsilon: 0.0104, Loss: 0.205308, Time: 1146.21s
2025-03-02 15:53:54,323 [INFO] Episode: 920/2000, Score: 43, Avg Score: 24.49, Steps: 623, Epsilon: 0.0100, Loss: 0.203148, Time: 1189.31s
2025-03-02 15:54:22,952 [INFO] Episode: 930/2000, Score: 34, Avg Score: 24.13, Steps: 552, Epsilon: 0.0100, Loss: 0.233495, Time: 1217.94s
2025-03-02 15:54:46,363 [INFO] Episode: 940/2000, Score: 8, Avg Score: 23.92, Steps: 137, Epsilon: 0.0100, Loss: 0.206033, Time: 1241.35s
2025-03-02 15:55:18,367 [INFO] Episode: 950/2000, Score: 21, Avg Score: 23.64, Steps: 308, Epsilon: 0.0100, Loss: 0.222572, Time: 1273.35s
2025-03-02 15:55:50,104 [INFO] Episode: 960/2000, Score: 11, Avg Score: 24.05, Steps: 172, Epsilon: 0.0100, Loss: 0.244717, Time: 1305.09s
2025-03-02 15:56:25,912 [INFO] Episode: 970/2000, Score: 38, Avg Score: 24.65, Steps: 674, Epsilon: 0.0100, Loss: 0.228399, Time: 1340.90s
2025-03-02 15:56:35,091 [INFO] Model saved to models\snake_dqn_ep971_score66_20250302_153403.pt
2025-03-02 15:56:35,091 [INFO] New best score: 66 (Episode 971)
2025-03-02 15:57:05,302 [INFO] Episode: 980/2000, Score: 35, Avg Score: 25.53, Steps: 521, Epsilon: 0.0100, Loss: 0.220302, Time: 1380.29s
2025-03-02 15:57:44,928 [INFO] Episode: 990/2000, Score: 26, Avg Score: 26.58, Steps: 365, Epsilon: 0.0100, Loss: 0.248498, Time: 1419.91s
2025-03-02 15:58:12,350 [INFO] Episode: 1000/2000, Score: 26, Avg Score: 25.66, Steps: 411, Epsilon: 0.0100, Loss: 0.238188, Time: 1447.33s
2025-03-02 15:58:12,460 [INFO] Model saved to models\snake_dqn_ep1000_score26_20250302_153403.pt
2025-03-02 15:58:51,621 [INFO] Episode: 1010/2000, Score: 42, Avg Score: 26.29, Steps: 759, Epsilon: 0.0100, Loss: 0.252150, Time: 1486.61s
2025-03-02 15:59:23,341 [INFO] Episode: 1020/2000, Score: 32, Avg Score: 25.71, Steps: 509, Epsilon: 0.0100, Loss: 0.244590, Time: 1518.33s
2025-03-02 15:59:57,563 [INFO] Episode: 1030/2000, Score: 8, Avg Score: 26.01, Steps: 116, Epsilon: 0.0100, Loss: 0.231773, Time: 1552.55s
2025-03-02 16:00:31,174 [INFO] Episode: 1040/2000, Score: 21, Avg Score: 26.96, Steps: 262, Epsilon: 0.0100, Loss: 0.240986, Time: 1586.16s
2025-03-02 16:00:55,804 [INFO] Episode: 1050/2000, Score: 2, Avg Score: 26.65, Steps: 17, Epsilon: 0.0100, Loss: 0.261081, Time: 1610.79s
2025-03-02 16:01:18,755 [INFO] Episode: 1060/2000, Score: 32, Avg Score: 26.46, Steps: 513, Epsilon: 0.0100, Loss: 0.243177, Time: 1633.74s
2025-03-02 16:01:49,251 [INFO] Episode: 1070/2000, Score: 36, Avg Score: 26.41, Steps: 555, Epsilon: 0.0100, Loss: 0.241913, Time: 1664.24s
2025-03-02 16:02:21,329 [INFO] Episode: 1080/2000, Score: 25, Avg Score: 25.84, Steps: 419, Epsilon: 0.0100, Loss: 0.252112, Time: 1696.31s
2025-03-02 16:02:58,112 [INFO] Episode: 1090/2000, Score: 37, Avg Score: 25.68, Steps: 585, Epsilon: 0.0100, Loss: 0.244438, Time: 1733.10s
2025-03-02 16:03:33,704 [INFO] Episode: 1100/2000, Score: 25, Avg Score: 26.14, Steps: 433, Epsilon: 0.0100, Loss: 0.250877, Time: 1768.69s
2025-03-02 16:04:11,661 [INFO] Episode: 1110/2000, Score: 31, Avg Score: 25.94, Steps: 533, Epsilon: 0.0100, Loss: 0.236689, Time: 1806.65s
2025-03-02 16:05:36,054 [INFO] Episode: 1120/2000, Score: 15, Avg Score: 25.56, Steps: 161, Epsilon: 0.0100, Loss: 0.232004, Time: 1891.04s
2025-03-02 16:08:32,904 [INFO] Episode: 1130/2000, Score: 53, Avg Score: 26.27, Steps: 951, Epsilon: 0.0100, Loss: 0.241463, Time: 2067.88s
2025-03-02 16:10:48,053 [INFO] Episode: 1140/2000, Score: 28, Avg Score: 26.06, Steps: 372, Epsilon: 0.0100, Loss: 0.252159, Time: 2203.04s
2025-03-02 16:13:22,695 [INFO] Episode: 1150/2000, Score: 25, Avg Score: 26.32, Steps: 455, Epsilon: 0.0100, Loss: 0.228976, Time: 2357.68s
2025-03-02 16:15:25,588 [INFO] Episode: 1160/2000, Score: 25, Avg Score: 26.64, Steps: 333, Epsilon: 0.0100, Loss: 0.234643, Time: 2480.57s
2025-03-02 16:17:19,242 [INFO] Episode: 1170/2000, Score: 15, Avg Score: 26.03, Steps: 271, Epsilon: 0.0100, Loss: 0.217592, Time: 2594.23s
2025-03-02 16:19:17,777 [INFO] Episode: 1180/2000, Score: 45, Avg Score: 26.59, Steps: 736, Epsilon: 0.0100, Loss: 0.240158, Time: 2712.76s
2025-03-02 16:20:32,222 [INFO] Episode: 1190/2000, Score: 27, Avg Score: 26.11, Steps: 398, Epsilon: 0.0100, Loss: 0.246636, Time: 2787.21s
2025-03-02 16:22:15,911 [INFO] Episode: 1200/2000, Score: 28, Avg Score: 26.74, Steps: 502, Epsilon: 0.0100, Loss: 0.243311, Time: 2890.90s
2025-03-02 16:22:16,200 [INFO] Model saved to models\snake_dqn_ep1200_score28_20250302_153403.pt
2025-03-02 16:23:27,268 [INFO] Episode: 1210/2000, Score: 17, Avg Score: 26.31, Steps: 233, Epsilon: 0.0100, Loss: 0.237026, Time: 2962.25s
2025-03-02 16:25:04,315 [INFO] Episode: 1220/2000, Score: 30, Avg Score: 26.78, Steps: 631, Epsilon: 0.0100, Loss: 0.247460, Time: 3059.30s
2025-03-02 16:26:44,282 [INFO] Model saved to models\snake_dqn_ep1229_score72_20250302_153403.pt
2025-03-02 16:26:44,283 [INFO] New best score: 72 (Episode 1229)
2025-03-02 16:26:51,167 [INFO] Episode: 1230/2000, Score: 30, Avg Score: 27.21, Steps: 436, Epsilon: 0.0100, Loss: 0.249597, Time: 3166.15s
2025-03-02 16:28:26,535 [INFO] Episode: 1240/2000, Score: 47, Avg Score: 27.87, Steps: 773, Epsilon: 0.0100, Loss: 0.247921, Time: 3261.52s
2025-03-02 16:29:34,457 [INFO] Episode: 1250/2000, Score: 3, Avg Score: 27.65, Steps: 49, Epsilon: 0.0100, Loss: 0.235545, Time: 3329.44s
2025-03-02 16:31:07,950 [INFO] Episode: 1260/2000, Score: 34, Avg Score: 28.05, Steps: 651, Epsilon: 0.0100, Loss: 0.270348, Time: 3422.93s
2025-03-02 16:31:57,864 [INFO] Episode: 1270/2000, Score: 28, Avg Score: 29.55, Steps: 433, Epsilon: 0.0100, Loss: 0.268677, Time: 3472.85s
2025-03-02 16:32:37,731 [INFO] Episode: 1280/2000, Score: 24, Avg Score: 29.47, Steps: 397, Epsilon: 0.0100, Loss: 0.282267, Time: 3512.72s
2025-03-02 16:33:18,689 [INFO] Episode: 1290/2000, Score: 22, Avg Score: 30.06, Steps: 384, Epsilon: 0.0100, Loss: 0.269887, Time: 3553.67s
2025-03-02 16:33:53,464 [INFO] Episode: 1300/2000, Score: 26, Avg Score: 29.29, Steps: 364, Epsilon: 0.0100, Loss: 0.279977, Time: 3588.45s
2025-03-02 16:34:21,730 [INFO] Episode: 1310/2000, Score: 22, Avg Score: 28.89, Steps: 385, Epsilon: 0.0100, Loss: 0.268122, Time: 3616.71s
2025-03-02 16:34:49,771 [INFO] Episode: 1320/2000, Score: 22, Avg Score: 28.31, Steps: 313, Epsilon: 0.0100, Loss: 0.272065, Time: 3644.76s
2025-03-02 16:35:26,145 [INFO] Episode: 1330/2000, Score: 26, Avg Score: 27.86, Steps: 394, Epsilon: 0.0100, Loss: 0.280542, Time: 3681.13s
2025-03-02 16:35:55,167 [INFO] Episode: 1340/2000, Score: 12, Avg Score: 27.16, Steps: 159, Epsilon: 0.0100, Loss: 0.260055, Time: 3710.15s
2025-03-02 16:36:30,475 [INFO] Episode: 1350/2000, Score: 27, Avg Score: 27.95, Steps: 394, Epsilon: 0.0100, Loss: 0.250886, Time: 3745.46s
2025-03-02 16:37:00,625 [INFO] Episode: 1360/2000, Score: 20, Avg Score: 27.86, Steps: 248, Epsilon: 0.0100, Loss: 0.269250, Time: 3775.61s
2025-03-02 16:37:27,874 [INFO] Episode: 1370/2000, Score: 31, Avg Score: 26.73, Steps: 436, Epsilon: 0.0100, Loss: 0.277642, Time: 3802.86s
2025-03-02 16:38:00,302 [INFO] Episode: 1380/2000, Score: 37, Avg Score: 26.75, Steps: 678, Epsilon: 0.0100, Loss: 0.265383, Time: 3835.29s
2025-03-02 16:38:26,682 [INFO] Episode: 1390/2000, Score: 21, Avg Score: 26.23, Steps: 307, Epsilon: 0.0100, Loss: 0.272592, Time: 3861.67s
2025-03-02 16:39:01,605 [INFO] Episode: 1400/2000, Score: 21, Avg Score: 26.98, Steps: 336, Epsilon: 0.0100, Loss: 0.267482, Time: 3896.59s
2025-03-02 16:39:01,798 [INFO] Model saved to models\snake_dqn_ep1400_score21_20250302_153403.pt
2025-03-02 16:39:32,012 [INFO] Episode: 1410/2000, Score: 45, Avg Score: 27.72, Steps: 761, Epsilon: 0.0100, Loss: 0.241016, Time: 3927.00s
2025-03-02 16:40:00,020 [INFO] Episode: 1420/2000, Score: 32, Avg Score: 28.16, Steps: 441, Epsilon: 0.0100, Loss: 0.246533, Time: 3955.00s
2025-03-02 16:40:27,067 [INFO] Episode: 1430/2000, Score: 20, Avg Score: 27.70, Steps: 299, Epsilon: 0.0100, Loss: 0.252315, Time: 3982.05s
2025-03-02 16:40:58,062 [INFO] Episode: 1440/2000, Score: 9, Avg Score: 27.93, Steps: 193, Epsilon: 0.0100, Loss: 0.266295, Time: 4013.05s
2025-03-02 16:41:28,979 [INFO] Episode: 1450/2000, Score: 27, Avg Score: 27.75, Steps: 426, Epsilon: 0.0100, Loss: 0.249661, Time: 4043.96s
2025-03-02 16:41:51,664 [INFO] Episode: 1460/2000, Score: 45, Avg Score: 27.23, Steps: 831, Epsilon: 0.0100, Loss: 0.255535, Time: 4066.65s
2025-03-02 16:42:17,419 [INFO] Episode: 1470/2000, Score: 13, Avg Score: 27.13, Steps: 196, Epsilon: 0.0100, Loss: 0.260254, Time: 4092.40s
2025-03-02 16:42:45,540 [INFO] Episode: 1480/2000, Score: 32, Avg Score: 26.69, Steps: 478, Epsilon: 0.0100, Loss: 0.265627, Time: 4120.52s
2025-03-02 16:43:13,282 [INFO] Episode: 1490/2000, Score: 10, Avg Score: 26.93, Steps: 160, Epsilon: 0.0100, Loss: 0.230701, Time: 4148.27s
2025-03-02 16:43:38,806 [INFO] Episode: 1500/2000, Score: 15, Avg Score: 26.13, Steps: 224, Epsilon: 0.0100, Loss: 0.239405, Time: 4173.79s
2025-03-02 16:44:07,215 [INFO] Episode: 1510/2000, Score: 16, Avg Score: 25.97, Steps: 241, Epsilon: 0.0100, Loss: 0.239507, Time: 4202.20s
2025-03-02 16:44:42,184 [INFO] Episode: 1520/2000, Score: 25, Avg Score: 26.79, Steps: 383, Epsilon: 0.0100, Loss: 0.233620, Time: 4237.17s
2025-03-02 16:45:08,307 [INFO] Episode: 1530/2000, Score: 42, Avg Score: 26.68, Steps: 680, Epsilon: 0.0100, Loss: 0.222026, Time: 4263.29s
2025-03-02 16:45:38,395 [INFO] Episode: 1540/2000, Score: 30, Avg Score: 26.75, Steps: 495, Epsilon: 0.0100, Loss: 0.230019, Time: 4293.38s
2025-03-02 16:46:06,522 [INFO] Episode: 1550/2000, Score: 11, Avg Score: 26.47, Steps: 203, Epsilon: 0.0100, Loss: 0.243139, Time: 4321.51s
2025-03-02 16:46:37,186 [INFO] Episode: 1560/2000, Score: 33, Avg Score: 27.13, Steps: 576, Epsilon: 0.0100, Loss: 0.229916, Time: 4352.17s
2025-03-02 16:47:04,061 [INFO] Episode: 1570/2000, Score: 46, Avg Score: 27.39, Steps: 736, Epsilon: 0.0100, Loss: 0.235232, Time: 4379.05s
2025-03-02 16:47:37,180 [INFO] Episode: 1580/2000, Score: 36, Avg Score: 27.79, Steps: 506, Epsilon: 0.0100, Loss: 0.231349, Time: 4412.16s
2025-03-02 16:48:04,097 [INFO] Episode: 1590/2000, Score: 24, Avg Score: 27.71, Steps: 370, Epsilon: 0.0100, Loss: 0.239363, Time: 4439.08s
2025-03-02 16:48:31,292 [INFO] Episode: 1600/2000, Score: 31, Avg Score: 28.03, Steps: 482, Epsilon: 0.0100, Loss: 0.249018, Time: 4466.28s
2025-03-02 16:48:31,530 [INFO] Model saved to models\snake_dqn_ep1600_score31_20250302_153403.pt
2025-03-02 16:49:02,259 [INFO] Episode: 1610/2000, Score: 29, Avg Score: 28.19, Steps: 487, Epsilon: 0.0100, Loss: 0.230136, Time: 4497.24s
2025-03-02 16:49:29,041 [INFO] Episode: 1620/2000, Score: 14, Avg Score: 27.40, Steps: 181, Epsilon: 0.0100, Loss: 0.249106, Time: 4524.03s
2025-03-02 16:50:01,277 [INFO] Episode: 1630/2000, Score: 18, Avg Score: 28.06, Steps: 309, Epsilon: 0.0100, Loss: 0.256368, Time: 4556.26s
2025-03-02 16:50:30,191 [INFO] Episode: 1640/2000, Score: 20, Avg Score: 27.82, Steps: 273, Epsilon: 0.0100, Loss: 0.260320, Time: 4585.18s
2025-03-02 16:51:08,111 [INFO] Episode: 1650/2000, Score: 9, Avg Score: 28.76, Steps: 140, Epsilon: 0.0100, Loss: 0.273620, Time: 4623.10s
2025-03-02 16:51:33,493 [INFO] Episode: 1660/2000, Score: 40, Avg Score: 28.57, Steps: 570, Epsilon: 0.0100, Loss: 0.278738, Time: 4648.48s
2025-03-02 17:16:30,648 [INFO] Episode: 1670/2000, Score: 14, Avg Score: 29.26, Steps: 212, Epsilon: 0.0100, Loss: 0.291571, Time: 6145.63s
2025-03-02 17:17:02,579 [INFO] Episode: 1680/2000, Score: 39, Avg Score: 29.01, Steps: 823, Epsilon: 0.0100, Loss: 0.250569, Time: 6177.56s
2025-03-02 17:17:54,273 [INFO] Episode: 1690/2000, Score: 20, Avg Score: 28.92, Steps: 290, Epsilon: 0.0100, Loss: 0.284734, Time: 6229.26s
2025-03-02 17:19:10,767 [INFO] Episode: 1700/2000, Score: 28, Avg Score: 28.60, Steps: 515, Epsilon: 0.0100, Loss: 0.265777, Time: 6305.75s
2025-03-02 17:20:27,225 [INFO] Episode: 1710/2000, Score: 17, Avg Score: 28.09, Steps: 251, Epsilon: 0.0100, Loss: 0.251552, Time: 6382.21s
2025-03-02 17:21:34,683 [INFO] Episode: 1720/2000, Score: 27, Avg Score: 27.97, Steps: 441, Epsilon: 0.0100, Loss: 0.246778, Time: 6449.67s
2025-03-02 17:22:00,642 [INFO] Episode: 1730/2000, Score: 16, Avg Score: 27.21, Steps: 261, Epsilon: 0.0100, Loss: 0.260379, Time: 6475.63s
2025-03-02 17:22:19,758 [INFO] Episode: 1740/2000, Score: 16, Avg Score: 26.42, Steps: 257, Epsilon: 0.0100, Loss: 0.238842, Time: 6494.74s
2025-03-02 17:22:44,239 [INFO] Episode: 1750/2000, Score: 19, Avg Score: 25.22, Steps: 352, Epsilon: 0.0100, Loss: 0.239310, Time: 6519.22s
2025-03-02 17:23:20,124 [INFO] Episode: 1760/2000, Score: 40, Avg Score: 25.96, Steps: 640, Epsilon: 0.0100, Loss: 0.253085, Time: 6555.11s
2025-03-02 17:23:52,331 [INFO] Episode: 1770/2000, Score: 51, Avg Score: 25.64, Steps: 924, Epsilon: 0.0100, Loss: 0.246906, Time: 6587.32s
2025-03-02 17:24:12,037 [INFO] Episode: 1780/2000, Score: 21, Avg Score: 24.87, Steps: 317, Epsilon: 0.0100, Loss: 0.245586, Time: 6607.02s
2025-03-02 17:24:34,234 [INFO] Episode: 1790/2000, Score: 20, Avg Score: 24.50, Steps: 391, Epsilon: 0.0100, Loss: 0.229520, Time: 6629.22s
2025-03-02 17:25:08,239 [INFO] Episode: 1800/2000, Score: 28, Avg Score: 25.33, Steps: 414, Epsilon: 0.0100, Loss: 0.255438, Time: 6663.22s
2025-03-02 17:25:08,519 [INFO] Model saved to models\snake_dqn_ep1800_score28_20250302_153403.pt
2025-03-02 17:25:45,028 [INFO] Episode: 1810/2000, Score: 28, Avg Score: 26.46, Steps: 451, Epsilon: 0.0100, Loss: 0.279693, Time: 6700.01s
2025-03-02 17:26:08,438 [INFO] Episode: 1820/2000, Score: 21, Avg Score: 26.26, Steps: 348, Epsilon: 0.0100, Loss: 0.253952, Time: 6723.42s
2025-03-02 17:26:43,937 [INFO] Episode: 1830/2000, Score: 42, Avg Score: 26.86, Steps: 695, Epsilon: 0.0100, Loss: 0.263982, Time: 6758.92s
2025-03-02 17:27:13,656 [INFO] Episode: 1840/2000, Score: 17, Avg Score: 27.86, Steps: 355, Epsilon: 0.0100, Loss: 0.259681, Time: 6788.64s
2025-03-02 17:27:41,698 [INFO] Episode: 1850/2000, Score: 52, Avg Score: 28.12, Steps: 905, Epsilon: 0.0100, Loss: 0.264824, Time: 6816.68s
2025-03-02 17:28:09,688 [INFO] Episode: 1860/2000, Score: 52, Avg Score: 27.47, Steps: 768, Epsilon: 0.0100, Loss: 0.259834, Time: 6844.67s
2025-03-02 17:28:34,209 [INFO] Episode: 1870/2000, Score: 22, Avg Score: 26.90, Steps: 316, Epsilon: 0.0100, Loss: 0.251986, Time: 6869.19s
2025-03-02 17:29:04,884 [INFO] Episode: 1880/2000, Score: 30, Avg Score: 28.00, Steps: 455, Epsilon: 0.0100, Loss: 0.268205, Time: 6899.87s
2025-03-02 17:29:35,608 [INFO] Episode: 1890/2000, Score: 27, Avg Score: 28.73, Steps: 508, Epsilon: 0.0100, Loss: 0.280304, Time: 6930.59s
2025-03-02 17:30:02,857 [INFO] Episode: 1900/2000, Score: 17, Avg Score: 28.02, Steps: 311, Epsilon: 0.0100, Loss: 0.275772, Time: 6957.84s
2025-03-02 17:30:27,831 [INFO] Episode: 1910/2000, Score: 10, Avg Score: 26.99, Steps: 147, Epsilon: 0.0100, Loss: 0.275468, Time: 6982.82s
2025-03-02 17:30:52,794 [INFO] Episode: 1920/2000, Score: 27, Avg Score: 27.31, Steps: 500, Epsilon: 0.0100, Loss: 0.270133, Time: 7007.78s
2025-03-02 17:31:18,030 [INFO] Episode: 1930/2000, Score: 31, Avg Score: 26.56, Steps: 487, Epsilon: 0.0100, Loss: 0.274540, Time: 7033.01s
2025-03-02 17:31:43,736 [INFO] Episode: 1940/2000, Score: 50, Avg Score: 25.96, Steps: 1070, Epsilon: 0.0100, Loss: 0.277028, Time: 7058.72s
2025-03-02 17:32:05,956 [INFO] Episode: 1950/2000, Score: 15, Avg Score: 25.52, Steps: 214, Epsilon: 0.0100, Loss: 0.269665, Time: 7080.94s
2025-03-02 17:32:39,125 [INFO] Episode: 1960/2000, Score: 33, Avg Score: 25.82, Steps: 534, Epsilon: 0.0100, Loss: 0.286334, Time: 7114.11s
2025-03-02 17:33:13,541 [INFO] Episode: 1970/2000, Score: 23, Avg Score: 26.55, Steps: 364, Epsilon: 0.0100, Loss: 0.296240, Time: 7148.53s
2025-03-02 17:33:40,544 [INFO] Episode: 1980/2000, Score: 25, Avg Score: 26.19, Steps: 345, Epsilon: 0.0100, Loss: 0.256485, Time: 7175.53s
2025-03-02 17:34:06,304 [INFO] Episode: 1990/2000, Score: 9, Avg Score: 25.80, Steps: 144, Epsilon: 0.0100, Loss: 0.251401, Time: 7201.29s
2025-03-02 17:34:31,769 [INFO] Episode: 2000/2000, Score: 13, Avg Score: 25.56, Steps: 227, Epsilon: 0.0100, Loss: 0.257435, Time: 7226.75s
2025-03-02 17:34:32,087 [INFO] Model saved to models\snake_dqn_ep2000_score13_20250302_153403.pt
2025-03-02 17:34:32,395 [INFO] Model saved to models\snake_dqn_ep2000_score13_20250302_153403.pt
2025-03-02 17:34:34,130 [INFO] Stats plot saved to plots/stats_20250302_153403.png
2025-03-02 17:34:34,130 [INFO] Training completed. Best score: 72
